<?xml version="1.0" encoding="UTF-8"?>
<!-- Generated by org.testng.reporters.JUnitReportReporter -->
<testsuite hostname="DESKTOP-JKMLIMQ" failures="0" tests="2" name="read_excelfile.Excel_simple_reading" time="0.452" errors="0" timestamp="2023-10-18T21:59:31 IST" skipped="0">
  <testcase classname="read_excelfile.Excel_simple_reading" name="read_excel_file" time="0.027"/>
  <system-out/>
  <testcase classname="read_excelfile.Excel_simple_reading" name="read_excel_aspercondition" time="0.425"/>
  <system-out/>
</testsuite> <!-- read_excelfile.Excel_simple_reading -->
