<?xml version="1.0" encoding="UTF-8"?>
<!-- Generated by org.testng.reporters.JUnitReportReporter -->
<testsuite hostname="DESKTOP-JKMLIMQ" failures="0" tests="2" name="testing.Groups_TC_005" time="0.019" errors="0" timestamp="2023-10-12T00:39:19 IST" skipped="0">
  <testcase classname="testing.Groups_TC_005" name="signin_page_validation" time="0.011"/>
  <testcase classname="testing.Groups_TC_005" name="homepage_validation" time="0.008"/>
</testsuite> <!-- testing.Groups_TC_005 -->
