<?xml version="1.0" encoding="UTF-8"?>
<!-- Generated by org.testng.reporters.JUnitReportReporter -->
<testsuite hostname="DESKTOP-JKMLIMQ" failures="0" tests="1" name="testScripts.Stackoverflow_Test" time="1.555" errors="0" timestamp="2023-10-17T20:56:20 IST" skipped="0">
  <testcase classname="testScripts.Stackoverflow_Test" name="test_the_elements" time="1.555"/>
</testsuite> <!-- testScripts.Stackoverflow_Test -->
