<?xml version="1.0" encoding="UTF-8"?>
<!-- Generated by org.testng.reporters.JUnitReportReporter -->
<testsuite hostname="DESKTOP-JKMLIMQ" failures="0" tests="2" name="testing.TC_001" time="0.284" errors="0" timestamp="2023-10-11T01:00:46 IST" skipped="0">
  <testcase classname="testing.TC_001" name="do_testing" time="0.279"/>
  <testcase classname="testing.TC_001" name="do_testing_1" time="0.005"/>
</testsuite> <!-- testing.TC_001 -->
