<?xml version="1.0" encoding="UTF-8"?>
<!-- Generated by org.testng.reporters.JUnitReportReporter -->
<testsuite hostname="DESKTOP-JKMLIMQ" failures="0" tests="2" name="testing.Iframe_learning" time="18.920" errors="0" timestamp="2023-10-12T21:42:57 IST" skipped="0">
  <testcase classname="testing.Iframe_learning" name="test_homepage_1" time="0.482"/>
  <testcase classname="testing.Iframe_learning" name="frames_page" time="18.438"/>
</testsuite> <!-- testing.Iframe_learning -->
