<?xml version="1.0" encoding="UTF-8"?>
<!-- Generated by org.testng.reporters.JUnitReportReporter -->
<testsuite hostname="DESKTOP-JKMLIMQ" failures="0" tests="3" name="testScripts.GoogleTest" time="0.463" errors="0" timestamp="2023-10-17T21:20:31 IST" skipped="0">
  <testcase classname="testScripts.GoogleTest" name="title_url" time="0.103"/>
  <testcase classname="testScripts.GoogleTest" name="test_the_SearchTextBox" time="0.116"/>
  <testcase classname="testScripts.GoogleTest" name="test_theLogo" time="0.244"/>
</testsuite> <!-- testScripts.GoogleTest -->
