<?xml version="1.0" encoding="UTF-8"?>
<!-- Generated by org.testng.reporters.JUnitReportReporter -->
<testsuite hostname="DESKTOP-JKMLIMQ" failures="0" tests="2" name="testing.TC_002" time="0.119" errors="0" timestamp="2023-10-11T01:00:46 IST" skipped="0">
  <testcase classname="testing.TC_002" name="do_testing" time="0.113"/>
  <testcase classname="testing.TC_002" name="do_testing_1" time="0.006"/>
</testsuite> <!-- testing.TC_002 -->
