<?xml version="1.0" encoding="UTF-8"?>
<!-- Generated by org.testng.reporters.JUnitReportReporter -->
<testsuite hostname="DESKTOP-JKMLIMQ" failures="0" tests="4" name="testing.Priority_TC_004" time="0.148" errors="0" timestamp="2023-10-12T00:39:19 IST" skipped="0">
  <testcase classname="testing.Priority_TC_004" name="signout_page_validation" time="0.119"/>
  <testcase classname="testing.Priority_TC_004" name="signin_page_validation" time="0.009"/>
  <testcase classname="testing.Priority_TC_004" name="homepage_validation" time="0.009"/>
  <testcase classname="testing.Priority_TC_004" name="cart_page_validation" time="0.011"/>
</testsuite> <!-- testing.Priority_TC_004 -->
