<?xml version="1.0" encoding="UTF-8"?>
<!-- Generated by org.testng.reporters.JUnitReportReporter -->
<testsuite hostname="DESKTOP-JKMLIMQ" failures="0" tests="2" name="testing.Iframe_learning" time="18.935" errors="0" timestamp="2023-10-17T22:55:13 IST" skipped="0">
  <testcase classname="testing.Iframe_learning" name="test_homepage_1" time="0.572"/>
  <testcase classname="testing.Iframe_learning" name="frames_page" time="18.363"/>
</testsuite> <!-- testing.Iframe_learning -->
